<?xml version="1.0" encoding="UTF-8"?>
<!-- Generated by org.testng.reporters.JUnitReportReporter -->
<testsuite hostname="DESKTOP-K0GDNA3" failures="0" tests="1" name="com.DrivenData.DataDrivenTest" time="6.507" errors="0" timestamp="2023-09-04T14:40:51 IST" skipped="0">
  <testcase classname="com.DrivenData.DataDrivenTest" name="LoginMethod" time="6.507"/>
  <system-out/>
</testsuite> <!-- com.DrivenData.DataDrivenTest -->
