<?xml version="1.0" encoding="UTF-8"?>
<!-- Generated by org.testng.reporters.JUnitReportReporter -->
<testsuite hostname="LAPTOP-GR2GK4LN" failures="0" tests="1" name="com.DrivenData.DataDrivenTest" time="5.949" errors="0" timestamp="2023-09-19T19:02:31 IST" skipped="0">
  <testcase classname="com.DrivenData.DataDrivenTest" name="LoginMethod" time="5.949"/>
  <system-out/>
</testsuite> <!-- com.DrivenData.DataDrivenTest -->
